<?xml version="1.0" encoding="UTF-8"?>
<testng-results skipped="0" failed="0" total="0" passed="0">
  <reporter-output>
  </reporter-output>
  <suite name="Default suite" duration-ms="963" started-at="2020-05-09T15:17:31Z" finished-at="2020-05-09T15:17:32Z">
    <groups>
    </groups>
    <test name="Default test" duration-ms="963" started-at="2020-05-09T15:17:31Z" finished-at="2020-05-09T15:17:32Z">
      <class name="testrunner.MyTestRunner">
        <test-method status="PASS" signature="setUpClass()[pri:0, instance:testrunner.MyTestRunner@617c74e5]" name="setUpClass" is-config="true" duration-ms="669" started-at="2020-05-09T20:47:31Z" finished-at="2020-05-09T20:47:32Z">
          <reporter-output>
          </reporter-output>
        </test-method> <!-- setUpClass -->
        <test-method status="PASS" signature="tearDownClass()[pri:0, instance:testrunner.MyTestRunner@617c74e5]" name="tearDownClass" is-config="true" duration-ms="61" started-at="2020-05-09T20:47:32Z" finished-at="2020-05-09T20:47:32Z">
          <reporter-output>
          </reporter-output>
        </test-method> <!-- tearDownClass -->
      </class> <!-- testrunner.MyTestRunner -->
    </test> <!-- Default test -->
  </suite> <!-- Default suite -->
</testng-results>
