<?xml version="1.0" encoding="UTF-8"?>
<!-- Generated by org.testng.reporters.JUnitXMLReporter -->
<testsuite hostname="PC" name="Test" tests="1" failures="0" timestamp="8 May 2020 18:19:37 GMT" time="0.12" errors="0">
  <testcase name="@BeforeClass setUpClass" time="0.0" classname="com.prestaShop.testRunner.TestRunner">
    <failure type="cucumber.runtime.CucumberException" message="Couldn&amp;apos;t load plugin class: com.cucumber.listener.ExtentCucumber&amp;lt;Formatter&amp;gt;">
      <![CDATA[cucumber.runtime.CucumberException: Couldn't load plugin class: com.cucumber.listener.ExtentCucumber<Formatter>
	at cucumber.runtime.formatter.PluginFactory.loadClass(PluginFactory.java:175)
	at cucumber.runtime.formatter.PluginFactory.pluginClass(PluginFactory.java:165)
	at cucumber.runtime.formatter.PluginFactory.getPluginClass(PluginFactory.java:226)
	at cucumber.runtime.formatter.PluginFactory.isFormatterName(PluginFactory.java:195)
	at cucumber.runtime.RuntimeOptionsFactory.addPlugins(RuntimeOptionsFactory.java:90)
	at cucumber.runtime.RuntimeOptionsFactory.buildArgsFromOptions(RuntimeOptionsFactory.java:37)
	at cucumber.runtime.RuntimeOptionsFactory.create(RuntimeOptionsFactory.java:24)
	at cucumber.api.testng.TestNGCucumberRunner.<init>(TestNGCucumberRunner.java:37)
	at com.prestaShop.testRunner.TestRunner.setUpClass(TestRunner.java:39)
Caused by: java.lang.ClassNotFoundException: com.cucumber.listener.ExtentCucumber<Formatter>
	at java.net.URLClassLoader.findClass(URLClassLoader.java:382)
	at java.lang.ClassLoader.loadClass(ClassLoader.java:424)
	at sun.misc.Launcher$AppClassLoader.loadClass(Launcher.java:349)
	at java.lang.ClassLoader.loadClass(ClassLoader.java:357)
	at cucumber.runtime.formatter.PluginFactory.loadClass(PluginFactory.java:173)
	... 32 more
... Removed 24 stack frames]]>
    </failure>
  </testcase> <!-- @BeforeClass setUpClass -->
  <testcase name="@AfterClass tearDownClass" time="0.0" classname="com.prestaShop.testRunner.TestRunner">
    <skipped/>
  </testcase> <!-- @AfterClass tearDownClass -->
  <testcase name="feature" time="0.0" classname="com.prestaShop.testRunner.TestRunner">
    <skipped/>
  </testcase> <!-- feature -->
</testsuite> <!-- Test -->
